<?xml version="1.0" encoding="UTF-8"?>
<!-- Generated by org.testng.reporters.JUnitReportReporter -->
<testsuite hostname="LPCAIQ1001" failures="0" tests="1" name="Login_Valid" time="16.076" errors="0" timestamp="2022-10-25T10:27:43 EET" skipped="0">
  <testcase classname="Login_Valid" name="valid_Login" time="16.076"/>
  <system-out/>
</testsuite> <!-- Login_Valid -->
